Using pre-set license
Built from '2022.3/staging' branch; Version is '2022.3.45f1 (a13dfa44d684) revision 10567162'; Using compiler version '192829333'; Build Type 'Release'
OS: 'Windows 11  (10.0.26100) 64bit CoreSingleLanguage' Language: 'en' Physical Memory: 16108 MB
BatchMode: 1, IsHumanControllingUs: 0, StartBugReporterOnCrash: 0, Is64bit: 1, IsPro: 1

COMMAND LINE ARGUMENTS:
C:\Program Files\Unity\Hub\Editor\2022.3.45f1\Editor\Unity.exe
-adb2
-batchMode
-noUpm
-name
AssetImportWorker0
-projectPath
C:/Users/Lenovo/My project (4)
-logFile
Logs/AssetImportWorker0.log
-srvPort
60841
Successfully changed project path to: C:/Users/Lenovo/My project (4)
C:/Users/Lenovo/My project (4)
[UnityMemory] Configuration Parameters - Can be set up in boot.config
    "memorysetup-bucket-allocator-granularity=16"
    "memorysetup-bucket-allocator-bucket-count=8"
    "memorysetup-bucket-allocator-block-size=33554432"
    "memorysetup-bucket-allocator-block-count=8"
    "memorysetup-main-allocator-block-size=16777216"
    "memorysetup-thread-allocator-block-size=16777216"
    "memorysetup-gfx-main-allocator-block-size=16777216"
    "memorysetup-gfx-thread-allocator-block-size=16777216"
    "memorysetup-cache-allocator-block-size=4194304"
    "memorysetup-typetree-allocator-block-size=2097152"
    "memorysetup-profiler-bucket-allocator-granularity=16"
    "memorysetup-profiler-bucket-allocator-bucket-count=8"
    "memorysetup-profiler-bucket-allocator-block-size=33554432"
    "memorysetup-profiler-bucket-allocator-block-count=8"
    "memorysetup-profiler-allocator-block-size=16777216"
    "memorysetup-profiler-editor-allocator-block-size=1048576"
    "memorysetup-temp-allocator-size-main=16777216"
    "memorysetup-job-temp-allocator-block-size=2097152"
    "memorysetup-job-temp-allocator-block-size-background=1048576"
    "memorysetup-job-temp-allocator-reduction-small-platforms=262144"
    "memorysetup-allocator-temp-initial-block-size-main=262144"
    "memorysetup-allocator-temp-initial-block-size-worker=262144"
    "memorysetup-temp-allocator-size-background-worker=32768"
    "memorysetup-temp-allocator-size-job-worker=262144"
    "memorysetup-temp-allocator-size-preload-manager=33554432"
    "memorysetup-temp-allocator-size-nav-mesh-worker=65536"
    "memorysetup-temp-allocator-size-audio-worker=65536"
    "memorysetup-temp-allocator-size-cloud-worker=32768"
    "memorysetup-temp-allocator-size-gi-baking-worker=262144"
    "memorysetup-temp-allocator-size-gfx=262144"
Player connection [34024]  Target information:

Player connection [34024]  * "[IP] 192.168.1.12 [Port] 0 [Flags] 2 [Guid] 222082436 [EditorId] 222082436 [Version] 1048832 [Id] WindowsEditor(7,LAPTOP-F7OERI50) [Debug] 1 [PackageName] WindowsEditor [ProjectName] Editor" 

Player connection [34024] Host joined multi-casting on [225.0.0.222:54997]...
Player connection [34024] Host joined alternative multi-casting on [225.0.0.222:34997]...
[PhysX] Initialized MultithreadedTaskDispatcher with 20 workers.
Refreshing native plugins compatible for Editor in 8.65 ms, found 3 plugins.
Preloading 0 native plugins for Editor in 0.00 ms.
Initialize engine version: 2022.3.45f1 (a13dfa44d684)
[Subsystems] Discovering subsystems at path C:/Program Files/Unity/Hub/Editor/2022.3.45f1/Editor/Data/Resources/UnitySubsystems
[Subsystems] Discovering subsystems at path C:/Users/Lenovo/My project (4)/Assets
GfxDevice: creating device client; threaded=0; jobified=0
Direct3D:
    Version:  Direct3D 11.0 [level 11.1]
    Renderer: NVIDIA GeForce RTX 3060 Laptop GPU (ID=0x2560)
    Vendor:   NVIDIA
    VRAM:     5996 MB
    Driver:   32.0.15.6109
Initialize mono
Mono path[0] = 'C:/Program Files/Unity/Hub/Editor/2022.3.45f1/Editor/Data/Managed'
Mono path[1] = 'C:/Program Files/Unity/Hub/Editor/2022.3.45f1/Editor/Data/MonoBleedingEdge/lib/mono/unityjit-win32'
Mono config path = 'C:/Program Files/Unity/Hub/Editor/2022.3.45f1/Editor/Data/MonoBleedingEdge/etc'
Using monoOptions --debugger-agent=transport=dt_socket,embedding=1,server=y,suspend=n,address=127.0.0.1:56388
Begin MonoManager ReloadAssembly
Registering precompiled unity dll's ...
Register platform support module: C:/Program Files/Unity/Hub/Editor/2022.3.45f1/Editor/Data/PlaybackEngines/WebGLSupport/UnityEditor.WebGL.Extensions.dll
Register platform support module: C:/Program Files/Unity/Hub/Editor/2022.3.45f1/Editor/Data/PlaybackEngines/WindowsStandaloneSupport/UnityEditor.WindowsStandalone.Extensions.dll
Registered in 0.007325 seconds.
- Loaded All Assemblies, in  0.283 seconds
Native extension for WindowsStandalone target not found
Native extension for WebGL target not found
Mono: successfully reloaded assembly
- Finished resetting the current domain, in  0.201 seconds
Domain Reload Profiling: 482ms
	BeginReloadAssembly (86ms)
		ExecutionOrderSort (0ms)
		DisableScriptedObjects (0ms)
		BackupInstance (0ms)
		ReleaseScriptingObjects (0ms)
		CreateAndSetChildDomain (1ms)
	RebuildCommonClasses (25ms)
	RebuildNativeTypeToScriptingClass (7ms)
	initialDomainReloadingComplete (48ms)
	LoadAllAssembliesAndSetupDomain (114ms)
		LoadAssemblies (85ms)
		RebuildTransferFunctionScriptingTraits (0ms)
		AnalyzeDomain (112ms)
			TypeCache.Refresh (111ms)
				TypeCache.ScanAssembly (100ms)
			ScanForSourceGeneratedMonoScriptInfo (0ms)
			ResolveRequiredComponents (0ms)
	FinalizeReload (201ms)
		ReleaseScriptCaches (0ms)
		RebuildScriptCaches (0ms)
		SetupLoadedEditorAssemblies (164ms)
			LogAssemblyErrors (0ms)
			InitializePlatformSupportModulesInManaged (10ms)
			SetLoadedEditorAssemblies (4ms)
			RefreshPlugins (0ms)
			BeforeProcessingInitializeOnLoad (2ms)
			ProcessInitializeOnLoadAttributes (112ms)
			ProcessInitializeOnLoadMethodAttributes (36ms)
			AfterProcessingInitializeOnLoad (0ms)
			EditorAssembliesLoaded (0ms)
		ExecutionOrderSort2 (0ms)
		AwakeInstancesAfterBackupRestoration (0ms)
========================================================================
Worker process is ready to serve import requests
Caller must complete domain reload
Begin MonoManager ReloadAssembly
- Loaded All Assemblies, in  0.538 seconds
Native extension for WindowsStandalone target not found
Native extension for WebGL target not found
Mono: successfully reloaded assembly
- Finished resetting the current domain, in  0.603 seconds
Domain Reload Profiling: 1139ms
	BeginReloadAssembly (115ms)
		ExecutionOrderSort (0ms)
		DisableScriptedObjects (4ms)
		BackupInstance (0ms)
		ReleaseScriptingObjects (0ms)
		CreateAndSetChildDomain (18ms)
	RebuildCommonClasses (25ms)
	RebuildNativeTypeToScriptingClass (8ms)
	initialDomainReloadingComplete (39ms)
	LoadAllAssembliesAndSetupDomain (349ms)
		LoadAssemblies (267ms)
		RebuildTransferFunctionScriptingTraits (0ms)
		AnalyzeDomain (150ms)
			TypeCache.Refresh (123ms)
				TypeCache.ScanAssembly (110ms)
			ScanForSourceGeneratedMonoScriptInfo (17ms)
			ResolveRequiredComponents (9ms)
	FinalizeReload (603ms)
		ReleaseScriptCaches (0ms)
		RebuildScriptCaches (0ms)
		SetupLoadedEditorAssemblies (490ms)
			LogAssemblyErrors (0ms)
			InitializePlatformSupportModulesInManaged (6ms)
			SetLoadedEditorAssemblies (4ms)
			RefreshPlugins (0ms)
			BeforeProcessingInitializeOnLoad (90ms)
			ProcessInitializeOnLoadAttributes (335ms)
			ProcessInitializeOnLoadMethodAttributes (49ms)
			AfterProcessingInitializeOnLoad (6ms)
			EditorAssembliesLoaded (0ms)
		ExecutionOrderSort2 (0ms)
		AwakeInstancesAfterBackupRestoration (6ms)
Launched and connected shader compiler UnityShaderCompiler.exe after 0.04 seconds
Refreshing native plugins compatible for Editor in 3.20 ms, found 3 plugins.
Preloading 0 native plugins for Editor in 0.00 ms.
Unloading 5050 Unused Serialized files (Serialized files now loaded: 0)
Unloading 40 unused Assets / (2.5 MB). Loaded Objects now: 5504.
Memory consumption went from 197.2 MB to 194.8 MB.
Total: 3.270400 ms (FindLiveObjects: 0.283600 ms CreateObjectMapping: 0.166400 ms MarkObjects: 2.370700 ms  DeleteObjects: 0.448300 ms)

AssetImportParameters requested are different than current active one (requested -> active):
  custom:container-demuxer-ogg: 62fdf1f143b41e24485cea50d1cbac27 -> 
  custom:video-codec-MediaFoundation-h265: 746d11721c4dcdbdad8f713fa42b33f4 -> 
  custom:video-decoder-ogg-theora: a1e56fd34408186e4bbccfd4996cb3dc -> 
  custom:framework-win-MediaFoundation: 216162199b28c13a410421893ffa2e32 -> 
  custom:CustomObjectIndexerAttribute: 3ead1caaecf1c488f20bcfeb224b6af5 -> 
  custom:container-demuxer-webm: 4f35f7cbe854078d1ac9338744f61a02 -> 
  custom:container-muxer-webm: aa71ff27fc2769a1b78a27578f13a17b -> 
  custom:video-decoder-webm-vp8: 9c59270c3fd7afecdb556c50c9e8de78 -> 
  custom:SearchIndexIgnoredProperties: e643bd26f0fe6173181afceb89e7c659 -> 
  custom:AudioImporter_EditorPlatform: d09bf68614088b80899f8185d706f6e7 -> 
  custom:video-encoder-webm-vp8: eb34c28f22e8b96e1ab97ce403110664 -> 
  custom:audio-decoder-ogg-vorbis: bf7c407c2cedff20999df2af8eb42d56 -> 
  custom:audio-encoder-webm-vorbis: bf7c407c2cedff20999df2af8eb42d56 -> 
========================================================================
Received Import Request.
  Time since last request: 198772.804542 seconds.
  path: Assets/Plugins/Shootemup/Scenes/PlayScene.unity
  artifactKey: Guid(3e73cfd53ad52e94b8f0ba902e02cf46) Importer(815301076,1909f56bfc062723c751e8b465ee728b)
Start importing Assets/Plugins/Shootemup/Scenes/PlayScene.unity using Guid(3e73cfd53ad52e94b8f0ba902e02cf46) Importer(815301076,1909f56bfc062723c751e8b465ee728b) [PhysX] Initialized MultithreadedTaskDispatcher with 20 workers.
 -> (artifact id: '771d541ebe5502a6c222685db78a2bed') in 0.002854 seconds
Number of updated asset objects reloaded before import = 0
Number of asset objects unloaded after import = 0
========================================================================
Received Prepare
Caller must complete domain reload
Begin MonoManager ReloadAssembly
- Loaded All Assemblies, in  0.364 seconds
Native extension for WindowsStandalone target not found
Native extension for WebGL target not found
Mono: successfully reloaded assembly
- Finished resetting the current domain, in  1.076 seconds
Domain Reload Profiling: 1438ms
	BeginReloadAssembly (121ms)
		ExecutionOrderSort (0ms)
		DisableScriptedObjects (2ms)
		BackupInstance (0ms)
		ReleaseScriptingObjects (0ms)
		CreateAndSetChildDomain (29ms)
	RebuildCommonClasses (23ms)
	RebuildNativeTypeToScriptingClass (7ms)
	initialDomainReloadingComplete (23ms)
	LoadAllAssembliesAndSetupDomain (188ms)
		LoadAssemblies (235ms)
		RebuildTransferFunctionScriptingTraits (0ms)
		AnalyzeDomain (16ms)
			TypeCache.Refresh (5ms)
				TypeCache.ScanAssembly (0ms)
			ScanForSourceGeneratedMonoScriptInfo (0ms)
			ResolveRequiredComponents (7ms)
	FinalizeReload (1077ms)
		ReleaseScriptCaches (0ms)
		RebuildScriptCaches (0ms)
		SetupLoadedEditorAssemblies (526ms)
			LogAssemblyErrors (0ms)
			InitializePlatformSupportModulesInManaged (8ms)
			SetLoadedEditorAssemblies (4ms)
			RefreshPlugins (0ms)
			BeforeProcessingInitializeOnLoad (100ms)
			ProcessInitializeOnLoadAttributes (355ms)
			ProcessInitializeOnLoadMethodAttributes (53ms)
			AfterProcessingInitializeOnLoad (6ms)
			EditorAssembliesLoaded (0ms)
		ExecutionOrderSort2 (0ms)
		AwakeInstancesAfterBackupRestoration (6ms)
Refreshing native plugins compatible for Editor in 3.61 ms, found 3 plugins.
Preloading 0 native plugins for Editor in 0.00 ms.
Unloading 4938 Unused Serialized files (Serialized files now loaded: 0)
Unloading 35 unused Assets / (2.5 MB). Loaded Objects now: 5507.
Memory consumption went from 171.4 MB to 168.9 MB.
Total: 3.192700 ms (FindLiveObjects: 0.348800 ms CreateObjectMapping: 0.203100 ms MarkObjects: 2.155000 ms  DeleteObjects: 0.484900 ms)

Prepare: number of updated asset objects reloaded= 0
AssetImportParameters requested are different than current active one (requested -> active):
  custom:container-demuxer-ogg: 62fdf1f143b41e24485cea50d1cbac27 -> 
  custom:video-codec-MediaFoundation-h265: 746d11721c4dcdbdad8f713fa42b33f4 -> 
  custom:video-decoder-ogg-theora: a1e56fd34408186e4bbccfd4996cb3dc -> 
  custom:framework-win-MediaFoundation: 216162199b28c13a410421893ffa2e32 -> 
  custom:CustomObjectIndexerAttribute: 3ead1caaecf1c488f20bcfeb224b6af5 -> 
  custom:container-demuxer-webm: 4f35f7cbe854078d1ac9338744f61a02 -> 
  custom:container-muxer-webm: aa71ff27fc2769a1b78a27578f13a17b -> 
  custom:video-decoder-webm-vp8: 9c59270c3fd7afecdb556c50c9e8de78 -> 
  custom:SearchIndexIgnoredProperties: e643bd26f0fe6173181afceb89e7c659 -> 
  custom:AudioImporter_EditorPlatform: d09bf68614088b80899f8185d706f6e7 -> 
  custom:video-encoder-webm-vp8: eb34c28f22e8b96e1ab97ce403110664 -> 
  custom:audio-decoder-ogg-vorbis: bf7c407c2cedff20999df2af8eb42d56 -> 
  custom:audio-encoder-webm-vorbis: bf7c407c2cedff20999df2af8eb42d56 -> 
========================================================================
Received Prepare
Caller must complete domain reload
Begin MonoManager ReloadAssembly
- Loaded All Assemblies, in  0.377 seconds
Native extension for WindowsStandalone target not found
Native extension for WebGL target not found
Mono: successfully reloaded assembly
- Finished resetting the current domain, in  1.036 seconds
Domain Reload Profiling: 1410ms
	BeginReloadAssembly (119ms)
		ExecutionOrderSort (0ms)
		DisableScriptedObjects (3ms)
		BackupInstance (0ms)
		ReleaseScriptingObjects (0ms)
		CreateAndSetChildDomain (27ms)
	RebuildCommonClasses (24ms)
	RebuildNativeTypeToScriptingClass (8ms)
	initialDomainReloadingComplete (24ms)
	LoadAllAssembliesAndSetupDomain (199ms)
		LoadAssemblies (230ms)
		RebuildTransferFunctionScriptingTraits (0ms)
		AnalyzeDomain (29ms)
			TypeCache.Refresh (7ms)
				TypeCache.ScanAssembly (1ms)
			ScanForSourceGeneratedMonoScriptInfo (13ms)
			ResolveRequiredComponents (7ms)
	FinalizeReload (1036ms)
		ReleaseScriptCaches (0ms)
		RebuildScriptCaches (0ms)
		SetupLoadedEditorAssemblies (429ms)
			LogAssemblyErrors (0ms)
			InitializePlatformSupportModulesInManaged (8ms)
			SetLoadedEditorAssemblies (3ms)
			RefreshPlugins (0ms)
			BeforeProcessingInitializeOnLoad (85ms)
			ProcessInitializeOnLoadAttributes (286ms)
			ProcessInitializeOnLoadMethodAttributes (41ms)
			AfterProcessingInitializeOnLoad (6ms)
			EditorAssembliesLoaded (0ms)
		ExecutionOrderSort2 (0ms)
		AwakeInstancesAfterBackupRestoration (5ms)
Refreshing native plugins compatible for Editor in 3.27 ms, found 3 plugins.
Preloading 0 native plugins for Editor in 0.00 ms.
Unloading 4938 Unused Serialized files (Serialized files now loaded: 0)
Unloading 35 unused Assets / (2.5 MB). Loaded Objects now: 5510.
Memory consumption went from 171.4 MB to 168.9 MB.
Total: 3.210800 ms (FindLiveObjects: 0.251700 ms CreateObjectMapping: 0.150700 ms MarkObjects: 2.219600 ms  DeleteObjects: 0.587600 ms)

Prepare: number of updated asset objects reloaded= 0
AssetImportParameters requested are different than current active one (requested -> active):
  custom:scripting/monoscript/fileName/Moving.cs: e96632d29892e0a5a21c83eea6bf4a44 -> cbc0b80127f9e65211782e2c62b6b506
  custom:container-demuxer-ogg: 62fdf1f143b41e24485cea50d1cbac27 -> 
  custom:video-codec-MediaFoundation-h265: 746d11721c4dcdbdad8f713fa42b33f4 -> 
  custom:scripting/monoscript/fileName/EnemyCollision.cs: 14db949490adacd618d36d01994923c1 -> 27cc56647bde99066d8fb1d6a3b56fda
  custom:video-decoder-ogg-theora: a1e56fd34408186e4bbccfd4996cb3dc -> 
  custom:framework-win-MediaFoundation: 216162199b28c13a410421893ffa2e32 -> 
  custom:scripting/monoscript/fileName/BaseState.cs: 004108e06bb8472436b53d407a3c1e4e -> 15b8bf093704cebeff49486d06855141
  custom:scripting/precompiled-assembly-types:Assembly-CSharp-firstpass: 8d81c16f5e932ad87f39c4234e054c42 -> 08d85df73814cc87ac24ec590977282e
  custom:CustomObjectIndexerAttribute: 3ead1caaecf1c488f20bcfeb224b6af5 -> 
  custom:container-demuxer-webm: 4f35f7cbe854078d1ac9338744f61a02 -> 
  custom:scripting/monoscript/fileName/Idle.cs: 82d0ed26156fb944217aeeeb96d51213 -> 24a59ec3ca7a565d27cf4f5f4780d8df
  custom:scripting/monoscript/fileName/StateMachine.cs: ab5e1b858f6b850f0960ce5e81ef12a5 -> 3025d275447d21a0333ee00f5dbe9fd0
  custom:scripting/monoscript/fileName/PlayerCollision.cs: 272ba733d300466774245609d2f82b4e -> 8eb00964e57dbdf074f84aacbf94d395
  custom:scripting/monoscript/fileName/Singleton.cs: c3ffd9f04730b0453c42b2f446427770 -> 7d654a2b5b3a10da3e7d8472196e96d1
  custom:container-muxer-webm: aa71ff27fc2769a1b78a27578f13a17b -> 
  custom:scripting/monoscript/fileName/CameraShake.cs: de3eb5850408724f2e34a490d2e40b78 -> 737c6973fb075865da9f669f3538fdc4
  custom:video-decoder-webm-vp8: 9c59270c3fd7afecdb556c50c9e8de78 -> 
  custom:SearchIndexIgnoredProperties: e643bd26f0fe6173181afceb89e7c659 -> 
  custom:AudioImporter_EditorPlatform: d09bf68614088b80899f8185d706f6e7 -> 
  custom:scripting/monoscript/fileName/SelfDestroyed.cs: f50465d989251a4aa4075c35fe01ebb8 -> 5d8455a1d7c46ad9e8dcb02875beae56
  custom:scripting/monoscript/fileName/MaterialChanger.cs: 1922fe27443b936b6be1988b25523464 -> a9c310eaa44b8aa8511c9f8dd41a3250
  custom:scripting/monoscript/fileName/Weapon.cs: 60eedccfa924912f2a7b35a090da13b9 -> e2af47bd9011a23ed12f0a899b37a28a
  custom:scripting/monoscript/fileName/Shuffle.cs: 86122f621a15da23216361394a4c0ea8 -> 1aec0c566bc3b1987edcea4cef559334
  custom:scripting/monoscript/fileName/Enemy.cs: 93b0de4ad6452776d1a646df38ea183a -> 64c97ad08d36050499cbd6e8c78fe442
  custom:video-encoder-webm-vp8: eb34c28f22e8b96e1ab97ce403110664 -> 
  custom:scripting/monoscript/fileName/PlayManager.cs: 59efb36f730c0dd1b4218c6e826f2f1d -> 77d1b090439bbd61ddff138cc18d35a6
  custom:audio-decoder-ogg-vorbis: bf7c407c2cedff20999df2af8eb42d56 -> 
  custom:scripting/monoscript/fileName/Bullet.cs: 4be6205965e7c5c9985add772685976f -> c186953712172aae7da4e7797a3491f6
  custom:scripting/monoscript/fileName/CircleMovement.cs: d536e46f0786ecc99f7be0f77838f247 -> b384e92c1d839c573be65be1e5c85773
  custom:scripting/monoscript/fileName/Movement.cs: 182cf7620ab54238bc6f8aa687c69682 -> 2c1a9b8ebfcd5ad924f2dbb038c6d4c2
  custom:scripting/monoscript/fileName/Player.cs: 2cc75ead66b259ccd60e84b8256097ff -> f037d20cd4f09f922acb44e13f7f5f87
  custom:audio-encoder-webm-vorbis: bf7c407c2cedff20999df2af8eb42d56 -> 
  custom:scripting/monoscript/fileName/EnemySpawner.cs: 82910ea388eaa743b2d3d436fed94757 -> 474551a6e489f56706728e1aab2a50a7
  custom:scripting/monoscript/fileName/Rotator.cs: 99ae45b181e6d65ef2a436a76a9b10de -> 1b0da73dc3b6738b2f7c7d17fbd096b9
========================================================================
Received Prepare
Caller must complete domain reload
Begin MonoManager ReloadAssembly
- Loaded All Assemblies, in  0.359 seconds
Native extension for WindowsStandalone target not found
Native extension for WebGL target not found
Mono: successfully reloaded assembly
- Finished resetting the current domain, in  1.090 seconds
Domain Reload Profiling: 1447ms
	BeginReloadAssembly (117ms)
		ExecutionOrderSort (0ms)
		DisableScriptedObjects (3ms)
		BackupInstance (0ms)
		ReleaseScriptingObjects (0ms)
		CreateAndSetChildDomain (26ms)
	RebuildCommonClasses (24ms)
	RebuildNativeTypeToScriptingClass (7ms)
	initialDomainReloadingComplete (23ms)
	LoadAllAssembliesAndSetupDomain (186ms)
		LoadAssemblies (235ms)
		RebuildTransferFunctionScriptingTraits (0ms)
		AnalyzeDomain (14ms)
			TypeCache.Refresh (5ms)
				TypeCache.ScanAssembly (0ms)
			ScanForSourceGeneratedMonoScriptInfo (0ms)
			ResolveRequiredComponents (8ms)
	FinalizeReload (1090ms)
		ReleaseScriptCaches (0ms)
		RebuildScriptCaches (0ms)
		SetupLoadedEditorAssemblies (534ms)
			LogAssemblyErrors (0ms)
			InitializePlatformSupportModulesInManaged (8ms)
			SetLoadedEditorAssemblies (4ms)
			RefreshPlugins (0ms)
			BeforeProcessingInitializeOnLoad (102ms)
			ProcessInitializeOnLoadAttributes (362ms)
			ProcessInitializeOnLoadMethodAttributes (51ms)
			AfterProcessingInitializeOnLoad (6ms)
			EditorAssembliesLoaded (0ms)
		ExecutionOrderSort2 (0ms)
		AwakeInstancesAfterBackupRestoration (5ms)
Refreshing native plugins compatible for Editor in 3.96 ms, found 3 plugins.
Preloading 0 native plugins for Editor in 0.00 ms.
Unloading 4938 Unused Serialized files (Serialized files now loaded: 0)
Unloading 35 unused Assets / (2.5 MB). Loaded Objects now: 5513.
Memory consumption went from 171.4 MB to 168.9 MB.
Total: 3.758300 ms (FindLiveObjects: 0.395600 ms CreateObjectMapping: 0.179200 ms MarkObjects: 2.554100 ms  DeleteObjects: 0.628300 ms)

Prepare: number of updated asset objects reloaded= 0
AssetImportParameters requested are different than current active one (requested -> active):
  custom:scripting/monoscript/fileName/Moving.cs: e96632d29892e0a5a21c83eea6bf4a44 -> cbc0b80127f9e65211782e2c62b6b506
  custom:container-demuxer-ogg: 62fdf1f143b41e24485cea50d1cbac27 -> 
  custom:video-codec-MediaFoundation-h265: 746d11721c4dcdbdad8f713fa42b33f4 -> 
  custom:scripting/monoscript/fileName/EnemyCollision.cs: 14db949490adacd618d36d01994923c1 -> 27cc56647bde99066d8fb1d6a3b56fda
  custom:video-decoder-ogg-theora: a1e56fd34408186e4bbccfd4996cb3dc -> 
  custom:framework-win-MediaFoundation: 216162199b28c13a410421893ffa2e32 -> 
  custom:scripting/monoscript/fileName/BaseState.cs: 004108e06bb8472436b53d407a3c1e4e -> 15b8bf093704cebeff49486d06855141
  custom:scripting/precompiled-assembly-types:Assembly-CSharp-firstpass: 8d81c16f5e932ad87f39c4234e054c42 -> 08d85df73814cc87ac24ec590977282e
  custom:CustomObjectIndexerAttribute: 3ead1caaecf1c488f20bcfeb224b6af5 -> 
  custom:container-demuxer-webm: 4f35f7cbe854078d1ac9338744f61a02 -> 
  custom:scripting/monoscript/fileName/Idle.cs: 82d0ed26156fb944217aeeeb96d51213 -> 24a59ec3ca7a565d27cf4f5f4780d8df
  custom:scripting/monoscript/fileName/StateMachine.cs: ab5e1b858f6b850f0960ce5e81ef12a5 -> 3025d275447d21a0333ee00f5dbe9fd0
  custom:scripting/monoscript/fileName/PlayerCollision.cs: 272ba733d300466774245609d2f82b4e -> 8eb00964e57dbdf074f84aacbf94d395
  custom:scripting/monoscript/fileName/Singleton.cs: c3ffd9f04730b0453c42b2f446427770 -> 7d654a2b5b3a10da3e7d8472196e96d1
  custom:container-muxer-webm: aa71ff27fc2769a1b78a27578f13a17b -> 
  custom:scripting/monoscript/fileName/CameraShake.cs: de3eb5850408724f2e34a490d2e40b78 -> 737c6973fb075865da9f669f3538fdc4
  custom:video-decoder-webm-vp8: 9c59270c3fd7afecdb556c50c9e8de78 -> 
  custom:SearchIndexIgnoredProperties: e643bd26f0fe6173181afceb89e7c659 -> 
  custom:AudioImporter_EditorPlatform: d09bf68614088b80899f8185d706f6e7 -> 
  custom:scripting/monoscript/fileName/SelfDestroyed.cs: f50465d989251a4aa4075c35fe01ebb8 -> 5d8455a1d7c46ad9e8dcb02875beae56
  custom:scripting/monoscript/fileName/MaterialChanger.cs: 1922fe27443b936b6be1988b25523464 -> a9c310eaa44b8aa8511c9f8dd41a3250
  custom:scripting/monoscript/fileName/Weapon.cs: 60eedccfa924912f2a7b35a090da13b9 -> e2af47bd9011a23ed12f0a899b37a28a
  custom:scripting/monoscript/fileName/Shuffle.cs: 86122f621a15da23216361394a4c0ea8 -> 1aec0c566bc3b1987edcea4cef559334
  custom:scripting/monoscript/fileName/Enemy.cs: 93b0de4ad6452776d1a646df38ea183a -> 64c97ad08d36050499cbd6e8c78fe442
  custom:video-encoder-webm-vp8: eb34c28f22e8b96e1ab97ce403110664 -> 
  custom:scripting/monoscript/fileName/PlayManager.cs: 59efb36f730c0dd1b4218c6e826f2f1d -> 77d1b090439bbd61ddff138cc18d35a6
  custom:audio-decoder-ogg-vorbis: bf7c407c2cedff20999df2af8eb42d56 -> 
  custom:scripting/monoscript/fileName/Bullet.cs: 4be6205965e7c5c9985add772685976f -> c186953712172aae7da4e7797a3491f6
  custom:scripting/monoscript/fileName/CircleMovement.cs: d536e46f0786ecc99f7be0f77838f247 -> b384e92c1d839c573be65be1e5c85773
  custom:scripting/monoscript/fileName/Movement.cs: 182cf7620ab54238bc6f8aa687c69682 -> 2c1a9b8ebfcd5ad924f2dbb038c6d4c2
  custom:scripting/monoscript/fileName/Player.cs: 2cc75ead66b259ccd60e84b8256097ff -> f037d20cd4f09f922acb44e13f7f5f87
  custom:audio-encoder-webm-vorbis: bf7c407c2cedff20999df2af8eb42d56 -> 
  custom:scripting/monoscript/fileName/EnemySpawner.cs: 82910ea388eaa743b2d3d436fed94757 -> 474551a6e489f56706728e1aab2a50a7
  custom:scripting/monoscript/fileName/Rotator.cs: 99ae45b181e6d65ef2a436a76a9b10de -> 1b0da73dc3b6738b2f7c7d17fbd096b9
========================================================================
Received Prepare
Caller must complete domain reload
Begin MonoManager ReloadAssembly
- Loaded All Assemblies, in  0.382 seconds
Native extension for WindowsStandalone target not found
Native extension for WebGL target not found
Mono: successfully reloaded assembly
- Finished resetting the current domain, in  1.010 seconds
Domain Reload Profiling: 1389ms
	BeginReloadAssembly (115ms)
		ExecutionOrderSort (0ms)
		DisableScriptedObjects (3ms)
		BackupInstance (0ms)
		ReleaseScriptingObjects (0ms)
		CreateAndSetChildDomain (27ms)
	RebuildCommonClasses (23ms)
	RebuildNativeTypeToScriptingClass (7ms)
	initialDomainReloadingComplete (22ms)
	LoadAllAssembliesAndSetupDomain (212ms)
		LoadAssemblies (240ms)
		RebuildTransferFunctionScriptingTraits (0ms)
		AnalyzeDomain (32ms)
			TypeCache.Refresh (9ms)
				TypeCache.ScanAssembly (1ms)
			ScanForSourceGeneratedMonoScriptInfo (14ms)
			ResolveRequiredComponents (7ms)
	FinalizeReload (1010ms)
		ReleaseScriptCaches (0ms)
		RebuildScriptCaches (0ms)
		SetupLoadedEditorAssemblies (417ms)
			LogAssemblyErrors (0ms)
			InitializePlatformSupportModulesInManaged (6ms)
			SetLoadedEditorAssemblies (3ms)
			RefreshPlugins (0ms)
			BeforeProcessingInitializeOnLoad (87ms)
			ProcessInitializeOnLoadAttributes (277ms)
			ProcessInitializeOnLoadMethodAttributes (40ms)
			AfterProcessingInitializeOnLoad (5ms)
			EditorAssembliesLoaded (0ms)
		ExecutionOrderSort2 (0ms)
		AwakeInstancesAfterBackupRestoration (4ms)
Refreshing native plugins compatible for Editor in 2.79 ms, found 3 plugins.
Preloading 0 native plugins for Editor in 0.00 ms.
Unloading 4938 Unused Serialized files (Serialized files now loaded: 0)
Unloading 35 unused Assets / (2.4 MB). Loaded Objects now: 5516.
Memory consumption went from 171.4 MB to 168.9 MB.
Total: 2.912400 ms (FindLiveObjects: 0.248000 ms CreateObjectMapping: 0.151400 ms MarkObjects: 2.114300 ms  DeleteObjects: 0.397800 ms)

Prepare: number of updated asset objects reloaded= 0
AssetImportParameters requested are different than current active one (requested -> active):
  custom:scripting/monoscript/fileName/Moving.cs: 5ffd5a6c4df2913adff71b3af73cc767 -> cbc0b80127f9e65211782e2c62b6b506
  custom:container-demuxer-ogg: 62fdf1f143b41e24485cea50d1cbac27 -> 
  custom:video-codec-MediaFoundation-h265: 746d11721c4dcdbdad8f713fa42b33f4 -> 
  custom:scripting/monoscript/fileName/EnemyCollision.cs: 6e4809a6226b8d41dbf187827a9cf3b8 -> 27cc56647bde99066d8fb1d6a3b56fda
  custom:video-decoder-ogg-theora: a1e56fd34408186e4bbccfd4996cb3dc -> 
  custom:framework-win-MediaFoundation: 216162199b28c13a410421893ffa2e32 -> 
  custom:scripting/monoscript/fileName/BaseState.cs: 6d8bfe9e5a54c4cdb3f5add382aff656 -> 15b8bf093704cebeff49486d06855141
  custom:scripting/precompiled-assembly-types:Assembly-CSharp-firstpass: 8f6bc31cec49c710e2afe2d451ddf901 -> 08d85df73814cc87ac24ec590977282e
  custom:CustomObjectIndexerAttribute: 3ead1caaecf1c488f20bcfeb224b6af5 -> 
  custom:container-demuxer-webm: 4f35f7cbe854078d1ac9338744f61a02 -> 
  custom:scripting/monoscript/fileName/Idle.cs: 38b3de501103204c39f3fbe262eda5d6 -> 24a59ec3ca7a565d27cf4f5f4780d8df
  custom:scripting/monoscript/fileName/StateMachine.cs: a9ed0de40d4fc6697299d1d300914255 -> 3025d275447d21a0333ee00f5dbe9fd0
  custom:scripting/monoscript/fileName/PlayerCollision.cs: be676411eeac9ec4010b53c47e040603 -> 8eb00964e57dbdf074f84aacbf94d395
  custom:scripting/monoscript/fileName/Singleton.cs: 0d9d5aa017e75851792d7a3dc47e0142 -> 7d654a2b5b3a10da3e7d8472196e96d1
  custom:container-muxer-webm: aa71ff27fc2769a1b78a27578f13a17b -> 
  custom:scripting/monoscript/fileName/CameraShake.cs: 7dca8e0ad607dc804aa4d36c06d38f01 -> 737c6973fb075865da9f669f3538fdc4
  custom:video-decoder-webm-vp8: 9c59270c3fd7afecdb556c50c9e8de78 -> 
  custom:SearchIndexIgnoredProperties: e643bd26f0fe6173181afceb89e7c659 -> 
  custom:AudioImporter_EditorPlatform: d09bf68614088b80899f8185d706f6e7 -> 
  custom:scripting/monoscript/fileName/SelfDestroyed.cs: 0fddc0afa8f5a7c03d1ba79f59a43134 -> 5d8455a1d7c46ad9e8dcb02875beae56
  custom:scripting/monoscript/fileName/MaterialChanger.cs: 7695ac00a97d4a5ced6a646e444386de -> a9c310eaa44b8aa8511c9f8dd41a3250
  custom:scripting/monoscript/fileName/Weapon.cs: 4d90b3f8066f1c6fb1f901bfc8036293 -> e2af47bd9011a23ed12f0a899b37a28a
  custom:scripting/monoscript/fileName/Shuffle.cs: e4ba2cf8fb0e8063a230002217d9925d -> 1aec0c566bc3b1987edcea4cef559334
  custom:scripting/monoscript/fileName/Enemy.cs: 6aef24733f3f1bf641637d9cd3401658 -> 64c97ad08d36050499cbd6e8c78fe442
  custom:video-encoder-webm-vp8: eb34c28f22e8b96e1ab97ce403110664 -> 
  custom:scripting/monoscript/fileName/PlayManager.cs: 737affdb5006dfb7ef73efba4d49a210 -> 77d1b090439bbd61ddff138cc18d35a6
  custom:audio-decoder-ogg-vorbis: bf7c407c2cedff20999df2af8eb42d56 -> 
  custom:scripting/monoscript/fileName/Bullet.cs: ceb94b247b68fa6a225ac9c87d7f7f51 -> c186953712172aae7da4e7797a3491f6
  custom:scripting/monoscript/fileName/CircleMovement.cs: f0d96fa43da82031aa611d2566312d06 -> b384e92c1d839c573be65be1e5c85773
  custom:scripting/monoscript/fileName/Movement.cs: 78b551d571893f671c44430fe9afd0eb -> 2c1a9b8ebfcd5ad924f2dbb038c6d4c2
  custom:scripting/monoscript/fileName/Player.cs: 389d0d3fe6d38562dca2e3ed95f98a45 -> f037d20cd4f09f922acb44e13f7f5f87
  custom:audio-encoder-webm-vorbis: bf7c407c2cedff20999df2af8eb42d56 -> 
  custom:scripting/monoscript/fileName/EnemySpawner.cs: e32b26b891902be042c838b9365c8cd8 -> 474551a6e489f56706728e1aab2a50a7
  custom:scripting/monoscript/fileName/Rotator.cs: 723f03e40000a5504f67656c40030ef0 -> 1b0da73dc3b6738b2f7c7d17fbd096b9
  custom:scripting/precompiled-assembly-types:Assembly-CSharp: 6560958e8310f03e113d71a8ec955bac -> 9fc8c1414d3221b45291f650e26a1e5e
========================================================================
Received Prepare
Caller must complete domain reload
Begin MonoManager ReloadAssembly
- Loaded All Assemblies, in  0.343 seconds
Native extension for WindowsStandalone target not found
Native extension for WebGL target not found
Mono: successfully reloaded assembly
- Finished resetting the current domain, in  1.078 seconds
Domain Reload Profiling: 1419ms
	BeginReloadAssembly (110ms)
		ExecutionOrderSort (0ms)
		DisableScriptedObjects (2ms)
		BackupInstance (0ms)
		ReleaseScriptingObjects (0ms)
		CreateAndSetChildDomain (25ms)
	RebuildCommonClasses (22ms)
	RebuildNativeTypeToScriptingClass (7ms)
	initialDomainReloadingComplete (21ms)
	LoadAllAssembliesAndSetupDomain (180ms)
		LoadAssemblies (224ms)
		RebuildTransferFunctionScriptingTraits (0ms)
		AnalyzeDomain (14ms)
			TypeCache.Refresh (5ms)
				TypeCache.ScanAssembly (0ms)
			ScanForSourceGeneratedMonoScriptInfo (0ms)
			ResolveRequiredComponents (7ms)
	FinalizeReload (1078ms)
		ReleaseScriptCaches (0ms)
		RebuildScriptCaches (0ms)
		SetupLoadedEditorAssemblies (534ms)
			LogAssemblyErrors (0ms)
			InitializePlatformSupportModulesInManaged (8ms)
			SetLoadedEditorAssemblies (4ms)
			RefreshPlugins (0ms)
			BeforeProcessingInitializeOnLoad (102ms)
			ProcessInitializeOnLoadAttributes (361ms)
			ProcessInitializeOnLoadMethodAttributes (53ms)
			AfterProcessingInitializeOnLoad (6ms)
			EditorAssembliesLoaded (0ms)
		ExecutionOrderSort2 (0ms)
		AwakeInstancesAfterBackupRestoration (6ms)
Refreshing native plugins compatible for Editor in 3.32 ms, found 3 plugins.
Preloading 0 native plugins for Editor in 0.00 ms.
Unloading 4938 Unused Serialized files (Serialized files now loaded: 0)
Unloading 35 unused Assets / (2.4 MB). Loaded Objects now: 5519.
Memory consumption went from 171.4 MB to 168.9 MB.
Total: 3.245100 ms (FindLiveObjects: 0.303200 ms CreateObjectMapping: 0.191100 ms MarkObjects: 2.266200 ms  DeleteObjects: 0.483700 ms)

Prepare: number of updated asset objects reloaded= 0
AssetImportParameters requested are different than current active one (requested -> active):
  custom:scripting/monoscript/fileName/Moving.cs: 5ffd5a6c4df2913adff71b3af73cc767 -> cbc0b80127f9e65211782e2c62b6b506
  custom:container-demuxer-ogg: 62fdf1f143b41e24485cea50d1cbac27 -> 
  custom:video-codec-MediaFoundation-h265: 746d11721c4dcdbdad8f713fa42b33f4 -> 
  custom:scripting/monoscript/fileName/EnemyCollision.cs: 6e4809a6226b8d41dbf187827a9cf3b8 -> 27cc56647bde99066d8fb1d6a3b56fda
  custom:video-decoder-ogg-theora: a1e56fd34408186e4bbccfd4996cb3dc -> 
  custom:framework-win-MediaFoundation: 216162199b28c13a410421893ffa2e32 -> 
  custom:scripting/monoscript/fileName/BaseState.cs: 6d8bfe9e5a54c4cdb3f5add382aff656 -> 15b8bf093704cebeff49486d06855141
  custom:scripting/precompiled-assembly-types:Assembly-CSharp-firstpass: 8f6bc31cec49c710e2afe2d451ddf901 -> 08d85df73814cc87ac24ec590977282e
  custom:CustomObjectIndexerAttribute: 3ead1caaecf1c488f20bcfeb224b6af5 -> 
  custom:container-demuxer-webm: 4f35f7cbe854078d1ac9338744f61a02 -> 
  custom:scripting/monoscript/fileName/Idle.cs: 38b3de501103204c39f3fbe262eda5d6 -> 24a59ec3ca7a565d27cf4f5f4780d8df
  custom:scripting/monoscript/fileName/StateMachine.cs: a9ed0de40d4fc6697299d1d300914255 -> 3025d275447d21a0333ee00f5dbe9fd0
  custom:scripting/monoscript/fileName/PlayerCollision.cs: be676411eeac9ec4010b53c47e040603 -> 8eb00964e57dbdf074f84aacbf94d395
  custom:scripting/monoscript/fileName/Singleton.cs: 0d9d5aa017e75851792d7a3dc47e0142 -> 7d654a2b5b3a10da3e7d8472196e96d1
  custom:container-muxer-webm: aa71ff27fc2769a1b78a27578f13a17b -> 
  custom:scripting/monoscript/fileName/CameraShake.cs: 7dca8e0ad607dc804aa4d36c06d38f01 -> 737c6973fb075865da9f669f3538fdc4
  custom:video-decoder-webm-vp8: 9c59270c3fd7afecdb556c50c9e8de78 -> 
  custom:SearchIndexIgnoredProperties: e643bd26f0fe6173181afceb89e7c659 -> 
  custom:AudioImporter_EditorPlatform: d09bf68614088b80899f8185d706f6e7 -> 
  custom:scripting/monoscript/fileName/SelfDestroyed.cs: 0fddc0afa8f5a7c03d1ba79f59a43134 -> 5d8455a1d7c46ad9e8dcb02875beae56
  custom:scripting/monoscript/fileName/MaterialChanger.cs: 7695ac00a97d4a5ced6a646e444386de -> a9c310eaa44b8aa8511c9f8dd41a3250
  custom:scripting/monoscript/fileName/Weapon.cs: 4d90b3f8066f1c6fb1f901bfc8036293 -> e2af47bd9011a23ed12f0a899b37a28a
  custom:scripting/monoscript/fileName/Shuffle.cs: e4ba2cf8fb0e8063a230002217d9925d -> 1aec0c566bc3b1987edcea4cef559334
  custom:scripting/monoscript/fileName/Enemy.cs: 6aef24733f3f1bf641637d9cd3401658 -> 64c97ad08d36050499cbd6e8c78fe442
  custom:video-encoder-webm-vp8: eb34c28f22e8b96e1ab97ce403110664 -> 
  custom:scripting/monoscript/fileName/PlayManager.cs: 737affdb5006dfb7ef73efba4d49a210 -> 77d1b090439bbd61ddff138cc18d35a6
  custom:audio-decoder-ogg-vorbis: bf7c407c2cedff20999df2af8eb42d56 -> 
  custom:scripting/monoscript/fileName/Bullet.cs: ceb94b247b68fa6a225ac9c87d7f7f51 -> c186953712172aae7da4e7797a3491f6
  custom:scripting/monoscript/fileName/CircleMovement.cs: f0d96fa43da82031aa611d2566312d06 -> b384e92c1d839c573be65be1e5c85773
  custom:scripting/monoscript/fileName/Movement.cs: 78b551d571893f671c44430fe9afd0eb -> 2c1a9b8ebfcd5ad924f2dbb038c6d4c2
  custom:scripting/monoscript/fileName/Player.cs: 389d0d3fe6d38562dca2e3ed95f98a45 -> f037d20cd4f09f922acb44e13f7f5f87
  custom:audio-encoder-webm-vorbis: bf7c407c2cedff20999df2af8eb42d56 -> 
  custom:scripting/monoscript/fileName/EnemySpawner.cs: e32b26b891902be042c838b9365c8cd8 -> 474551a6e489f56706728e1aab2a50a7
  custom:scripting/monoscript/fileName/Rotator.cs: 723f03e40000a5504f67656c40030ef0 -> 1b0da73dc3b6738b2f7c7d17fbd096b9
  custom:scripting/precompiled-assembly-types:Assembly-CSharp: 6560958e8310f03e113d71a8ec955bac -> 9fc8c1414d3221b45291f650e26a1e5e
========================================================================
Received Prepare
Caller must complete domain reload
Begin MonoManager ReloadAssembly
- Loaded All Assemblies, in  0.399 seconds
Native extension for WindowsStandalone target not found
Native extension for WebGL target not found
Mono: successfully reloaded assembly
- Finished resetting the current domain, in  1.091 seconds
Domain Reload Profiling: 1487ms
	BeginReloadAssembly (138ms)
		ExecutionOrderSort (0ms)
		DisableScriptedObjects (3ms)
		BackupInstance (0ms)
		ReleaseScriptingObjects (0ms)
		CreateAndSetChildDomain (30ms)
	RebuildCommonClasses (24ms)
	RebuildNativeTypeToScriptingClass (7ms)
	initialDomainReloadingComplete (23ms)
	LoadAllAssembliesAndSetupDomain (204ms)
		LoadAssemblies (249ms)
		RebuildTransferFunctionScriptingTraits (0ms)
		AnalyzeDomain (34ms)
			TypeCache.Refresh (10ms)
				TypeCache.ScanAssembly (0ms)
			ScanForSourceGeneratedMonoScriptInfo (14ms)
			ResolveRequiredComponents (8ms)
	FinalizeReload (1091ms)
		ReleaseScriptCaches (0ms)
		RebuildScriptCaches (0ms)
		SetupLoadedEditorAssemblies (418ms)
			LogAssemblyErrors (0ms)
			InitializePlatformSupportModulesInManaged (6ms)
			SetLoadedEditorAssemblies (3ms)
			RefreshPlugins (0ms)
			BeforeProcessingInitializeOnLoad (82ms)
			ProcessInitializeOnLoadAttributes (278ms)
			ProcessInitializeOnLoadMethodAttributes (43ms)
			AfterProcessingInitializeOnLoad (6ms)
			EditorAssembliesLoaded (0ms)
		ExecutionOrderSort2 (0ms)
		AwakeInstancesAfterBackupRestoration (6ms)
Refreshing native plugins compatible for Editor in 3.06 ms, found 3 plugins.
Preloading 0 native plugins for Editor in 0.00 ms.
Unloading 4938 Unused Serialized files (Serialized files now loaded: 0)
Unloading 35 unused Assets / (2.4 MB). Loaded Objects now: 5522.
Memory consumption went from 171.4 MB to 168.9 MB.
Total: 2.973100 ms (FindLiveObjects: 0.290500 ms CreateObjectMapping: 0.155900 ms MarkObjects: 2.056000 ms  DeleteObjects: 0.470000 ms)

Prepare: number of updated asset objects reloaded= 0
AssetImportParameters requested are different than current active one (requested -> active):
  custom:scripting/monoscript/fileName/Moving.cs: 5ffd5a6c4df2913adff71b3af73cc767 -> cbc0b80127f9e65211782e2c62b6b506
  custom:container-demuxer-ogg: 62fdf1f143b41e24485cea50d1cbac27 -> 
  custom:video-codec-MediaFoundation-h265: 746d11721c4dcdbdad8f713fa42b33f4 -> 
  custom:scripting/monoscript/fileName/EnemyCollision.cs: 6e4809a6226b8d41dbf187827a9cf3b8 -> 27cc56647bde99066d8fb1d6a3b56fda
  custom:video-decoder-ogg-theora: a1e56fd34408186e4bbccfd4996cb3dc -> 
  custom:framework-win-MediaFoundation: 216162199b28c13a410421893ffa2e32 -> 
  custom:scripting/monoscript/fileName/BaseState.cs: 6d8bfe9e5a54c4cdb3f5add382aff656 -> 15b8bf093704cebeff49486d06855141
  custom:scripting/precompiled-assembly-types:Assembly-CSharp-firstpass: 8f6bc31cec49c710e2afe2d451ddf901 -> 08d85df73814cc87ac24ec590977282e
  custom:CustomObjectIndexerAttribute: 3ead1caaecf1c488f20bcfeb224b6af5 -> 
  custom:container-demuxer-webm: 4f35f7cbe854078d1ac9338744f61a02 -> 
  custom:scripting/monoscript/fileName/Idle.cs: 38b3de501103204c39f3fbe262eda5d6 -> 24a59ec3ca7a565d27cf4f5f4780d8df
  custom:scripting/monoscript/fileName/StateMachine.cs: a9ed0de40d4fc6697299d1d300914255 -> 3025d275447d21a0333ee00f5dbe9fd0
  custom:scripting/monoscript/fileName/PlayerCollision.cs: be676411eeac9ec4010b53c47e040603 -> 8eb00964e57dbdf074f84aacbf94d395
  custom:scripting/monoscript/fileName/Singleton.cs: 0d9d5aa017e75851792d7a3dc47e0142 -> 7d654a2b5b3a10da3e7d8472196e96d1
  custom:container-muxer-webm: aa71ff27fc2769a1b78a27578f13a17b -> 
  custom:scripting/monoscript/fileName/CameraShake.cs: 7dca8e0ad607dc804aa4d36c06d38f01 -> 737c6973fb075865da9f669f3538fdc4
  custom:video-decoder-webm-vp8: 9c59270c3fd7afecdb556c50c9e8de78 -> 
  custom:SearchIndexIgnoredProperties: e643bd26f0fe6173181afceb89e7c659 -> 
  custom:AudioImporter_EditorPlatform: d09bf68614088b80899f8185d706f6e7 -> 
  custom:scripting/monoscript/fileName/SelfDestroyed.cs: 0fddc0afa8f5a7c03d1ba79f59a43134 -> 5d8455a1d7c46ad9e8dcb02875beae56
  custom:scripting/monoscript/fileName/MaterialChanger.cs: 7695ac00a97d4a5ced6a646e444386de -> a9c310eaa44b8aa8511c9f8dd41a3250
  custom:scripting/monoscript/fileName/Weapon.cs: 4d90b3f8066f1c6fb1f901bfc8036293 -> e2af47bd9011a23ed12f0a899b37a28a
  custom:scripting/monoscript/fileName/Shuffle.cs: e4ba2cf8fb0e8063a230002217d9925d -> 1aec0c566bc3b1987edcea4cef559334
  custom:scripting/monoscript/fileName/Enemy.cs: 6aef24733f3f1bf641637d9cd3401658 -> 64c97ad08d36050499cbd6e8c78fe442
  custom:video-encoder-webm-vp8: eb34c28f22e8b96e1ab97ce403110664 -> 
  custom:scripting/monoscript/fileName/PlayManager.cs: 737affdb5006dfb7ef73efba4d49a210 -> 77d1b090439bbd61ddff138cc18d35a6
  custom:audio-decoder-ogg-vorbis: bf7c407c2cedff20999df2af8eb42d56 -> 
  custom:scripting/monoscript/fileName/Bullet.cs: ceb94b247b68fa6a225ac9c87d7f7f51 -> c186953712172aae7da4e7797a3491f6
  custom:scripting/monoscript/fileName/Loop BG Scroll.cs: f8db8fd092f3ca25cc349b191527f79b -> e8fe04028d377a642e228bb8c430d180
  custom:scripting/monoscript/fileName/CircleMovement.cs: f0d96fa43da82031aa611d2566312d06 -> b384e92c1d839c573be65be1e5c85773
  custom:scripting/monoscript/fileName/Movement.cs: 78b551d571893f671c44430fe9afd0eb -> 2c1a9b8ebfcd5ad924f2dbb038c6d4c2
  custom:scripting/monoscript/fileName/Player.cs: 389d0d3fe6d38562dca2e3ed95f98a45 -> f037d20cd4f09f922acb44e13f7f5f87
  custom:audio-encoder-webm-vorbis: bf7c407c2cedff20999df2af8eb42d56 -> 
  custom:scripting/monoscript/fileName/EnemySpawner.cs: e32b26b891902be042c838b9365c8cd8 -> 474551a6e489f56706728e1aab2a50a7
  custom:scripting/monoscript/fileName/Rotator.cs: 723f03e40000a5504f67656c40030ef0 -> 1b0da73dc3b6738b2f7c7d17fbd096b9
  custom:scripting/precompiled-assembly-types:Assembly-CSharp: 55c94e67dc600c303ff939137a6346a4 -> 9fc8c1414d3221b45291f650e26a1e5e
========================================================================
Received Import Request.
  Time since last request: 311.057341 seconds.
  path: Assets/TutorialInfo/Scripts/Readme.cs
  artifactKey: Guid(fcf7219bab7fe46a1ad266029b2fee19) Importer(815301076,1909f56bfc062723c751e8b465ee728b)
Start importing Assets/TutorialInfo/Scripts/Readme.cs using Guid(fcf7219bab7fe46a1ad266029b2fee19) Importer(815301076,1909f56bfc062723c751e8b465ee728b) [PhysX] Initialized MultithreadedTaskDispatcher with 20 workers.
 -> (artifact id: 'f22c4432d93bdc74c5dbf94ce790065c') in 0.003144 seconds
Number of updated asset objects reloaded before import = 0
Number of asset objects unloaded after import = 0
========================================================================
Received Import Request.
  Time since last request: 8.943673 seconds.
  path: Assets/TutorialInfo/Scripts/Editor/ReadmeEditor.cs
  artifactKey: Guid(476cc7d7cd9874016adc216baab94a0a) Importer(815301076,1909f56bfc062723c751e8b465ee728b)
Start importing Assets/TutorialInfo/Scripts/Editor/ReadmeEditor.cs using Guid(476cc7d7cd9874016adc216baab94a0a) Importer(815301076,1909f56bfc062723c751e8b465ee728b) [PhysX] Initialized MultithreadedTaskDispatcher with 20 workers.
 -> (artifact id: '0f4d10e68737d1de07ff17b5912da7fa') in 0.000643 seconds
Number of updated asset objects reloaded before import = 0
Number of asset objects unloaded after import = 0
